2023-08-27 23:36:22,558 - INFO - User entered food: end
2023-08-27 23:36:30,101 - INFO - Calculating main bolus: 0.000000
2023-08-27 23:36:30,102 - INFO - Calculating correction bolus: -2.863636
2023-08-27 23:36:30,102 - INFO - Calculating adjustment bolus: 0.572727
2023-08-27 23:36:30,120 - INFO - Active insulin calculated: 0.000000
2023-08-27 23:36:30,120 - INFO - Total bolus calculated: -2.290909
2023-08-27 23:38:11,095 - INFO - User entered food: end
2023-08-27 23:38:17,209 - INFO - Calculating main bolus: 0.000000
2023-08-27 23:38:17,209 - INFO - Calculating correction bolus: -2.954545
2023-08-27 23:38:17,209 - INFO - Calculating adjustment bolus: 0.590909
2023-08-27 23:38:17,227 - INFO - Active insulin calculated: 0.000000
2023-08-27 23:38:17,227 - INFO - Total bolus calculated: -2.363636
2023-08-27 23:39:00,540 - INFO - User entered food: end
2023-08-27 23:39:06,740 - INFO - Calculating main bolus: 0.000000
2023-08-27 23:39:06,740 - INFO - Calculating correction bolus: -2.954545
2023-08-27 23:39:06,740 - INFO - Calculating adjustment bolus: 0.590909
2023-08-27 23:39:06,757 - INFO - Active insulin calculated: 0.000000
2023-08-27 23:39:06,757 - INFO - Total bolus calculated: -2.363636
2023-08-27 23:39:42,572 - INFO - User entered food: Apple
2023-08-27 23:39:45,739 - INFO - User entered food: end
2023-08-27 23:39:50,722 - INFO - Calculating main bolus: 8.625000
2023-08-27 23:39:50,722 - INFO - Calculating correction bolus: 0.681818
2023-08-27 23:39:50,722 - INFO - Calculating adjustment bolus: -1.861364
2023-08-27 23:39:50,740 - INFO - Active insulin calculated: 0.000000
2023-08-27 23:39:50,740 - INFO - Total bolus calculated: 7.445455
2023-08-27 23:39:55,049 - INFO - User confirmed bolus: 8.0
2023-08-27 23:41:59,018 - INFO - User entered food: end
2023-08-27 23:42:04,457 - INFO - Calculating main bolus: 0.000000
2023-08-27 23:42:04,457 - INFO - Calculating correction bolus: -2.954545
2023-08-27 23:42:04,457 - INFO - Calculating adjustment bolus: 0.590909
2023-08-27 23:42:04,474 - INFO - Active insulin calculated: 0.000000
2023-08-27 23:42:04,474 - INFO - Total bolus calculated: -2.363636
2023-08-27 23:45:24,231 - INFO - User entered food: end
2023-08-27 23:45:34,462 - INFO - User entered food: end
2023-08-27 23:45:41,078 - INFO - Calculating main bolus: 0.000000
2023-08-27 23:45:41,078 - INFO - Calculating correction bolus: -3.045455
2023-08-27 23:45:41,078 - INFO - Calculating adjustment bolus: 0.609091
2023-08-27 23:45:41,123 - INFO - Active insulin calculated: 0.000000
2023-08-27 23:45:41,124 - INFO - Total bolus calculated: -2.436364
2023-08-27 23:50:17,299 - INFO - User entered food: Sugar
2023-08-27 23:51:12,024 - INFO - User entered food: end
2023-08-27 23:51:20,399 - INFO - Calculating main bolus: 2.205000
2023-08-27 23:51:20,400 - INFO - Calculating correction bolus: -0.227273
2023-08-27 23:51:20,400 - INFO - Calculating adjustment bolus: -0.395545
2023-08-27 23:51:20,417 - INFO - Active insulin calculated: 0.000000
2023-08-27 23:51:20,417 - INFO - Total bolus calculated: 1.582182
2023-08-27 23:51:28,215 - INFO - User confirmed bolus: 0.0
2023-08-27 23:54:02,880 - INFO - User entered food: end
2023-08-27 23:56:08,704 - INFO - User entered food: end
2023-08-27 23:56:22,583 - INFO - Calculating main bolus: 0.000000
2023-08-27 23:56:22,983 - INFO - Calculating correction bolus: -0.590909
2023-08-27 23:56:23,398 - INFO - Calculating adjustment bolus: -0.118182
2023-08-27 23:56:40,137 - INFO - Active insulin calculated: 0.000000
2023-08-27 23:56:55,401 - INFO - Total bolus calculated: -0.709091
2023-08-27 23:59:52,531 - INFO - User entered food: end
2023-08-28 00:00:04,306 - INFO - Calculating main bolus: 0.000000
2023-08-28 00:00:05,844 - INFO - Calculating correction bolus: -0.681818
2023-08-28 00:00:06,242 - INFO - Calculating adjustment bolus: -0.136364
2023-08-28 00:04:25,610 - INFO - User entered food: end
2023-08-28 00:04:37,798 - INFO - Calculating main bolus: 0.000000
2023-08-28 00:04:38,580 - INFO - Calculating correction bolus: -0.681818
2023-08-28 00:04:39,040 - INFO - Calculating adjustment bolus: -0.136364
2023-08-28 00:05:08,587 - INFO - Active insulin calculated: 0.000000
2023-08-28 00:05:10,476 - INFO - Total bolus calculated: -0.818182
2023-08-28 00:07:44,206 - INFO - User entered food: end
2023-08-28 00:07:55,023 - INFO - Calculating main bolus: 0.000000
2023-08-28 00:07:56,035 - INFO - Calculating correction bolus: -1.500000
2023-08-28 00:07:56,482 - INFO - Calculating adjustment bolus: -0.300000
2023-08-28 00:08:47,102 - INFO - Active insulin calculated: 0.000000
2023-08-28 00:08:50,584 - INFO - Total bolus calculated: -1.800000
2023-08-28 00:14:43,661 - INFO - User entered food: end
2023-08-28 00:14:47,644 - INFO - Calculating main bolus: 0.000000
2023-08-28 00:14:47,645 - INFO - Calculating correction bolus: -2.954545
2023-08-28 00:14:47,645 - INFO - Calculating adjustment bolus: -0.590909
2023-08-28 00:14:47,691 - INFO - Active insulin calculated: 0.000000
2023-08-28 00:14:47,691 - INFO - Total bolus calculated: -3.545455
2023-08-28 00:15:23,826 - INFO - User entered food: end
2023-08-28 00:15:27,906 - INFO - Calculating main bolus: 0.000000
2023-08-28 00:15:27,906 - INFO - Calculating correction bolus: -2.954545
2023-08-28 00:15:27,906 - INFO - Calculating adjustment bolus: -0.590909
2023-08-28 00:15:27,951 - INFO - Active insulin calculated: 0.000000
2023-08-28 00:15:27,952 - INFO - Total bolus calculated: -3.545455
2023-08-28 00:16:00,432 - INFO - User entered food: end
2023-08-28 00:16:05,744 - INFO - Calculating main bolus: 0.000000
2023-08-28 00:16:05,745 - INFO - Calculating correction bolus: -1.954545
2023-08-28 00:16:05,745 - INFO - Calculating adjustment bolus: -0.390909
2023-08-28 00:17:23,347 - INFO - User entered food: end
2023-08-28 00:17:27,523 - INFO - Calculating main bolus: 0.000000
2023-08-28 00:17:27,523 - INFO - Calculating correction bolus: -1.954545
2023-08-28 00:17:27,523 - INFO - Calculating adjustment bolus: -0.390909
2023-08-28 00:29:09,375 - INFO - User entered food: end
2023-08-28 00:29:14,287 - INFO - Calculating main bolus: 0.000000
2023-08-28 00:29:14,287 - INFO - Calculating correction bolus: -0.681818
2023-08-28 00:29:14,287 - INFO - Calculating adjustment bolus: -0.136364
2023-08-28 00:29:14,305 - INFO - Active insulin calculated: 0.000000
2023-08-28 00:29:14,305 - INFO - Total bolus calculated: -0.818182
2023-08-28 00:29:22,774 - INFO - User entered food: end
2023-08-28 00:29:27,046 - INFO - Calculating main bolus: 0.000000
2023-08-28 00:29:27,046 - INFO - Calculating correction bolus: -1.500000
2023-08-28 00:29:27,046 - INFO - Calculating adjustment bolus: -0.300000
2023-08-28 00:29:27,064 - INFO - Active insulin calculated: 0.000000
2023-08-28 00:29:27,064 - INFO - Total bolus calculated: -1.800000
2023-08-28 00:29:36,333 - INFO - User entered food: end
2023-08-28 00:29:41,453 - INFO - Calculating main bolus: 0.000000
2023-08-28 00:29:41,453 - INFO - Calculating correction bolus: -1.500000
2023-08-28 00:29:41,453 - INFO - Calculating adjustment bolus: -0.300000
2023-08-28 00:29:41,470 - INFO - Active insulin calculated: 0.000000
2023-08-28 00:29:41,470 - INFO - Total bolus calculated: -3.633333
2023-08-28 00:29:51,684 - INFO - User entered food: Sugar
2023-08-28 00:30:06,708 - INFO - User entered food: end
2023-08-28 00:30:11,475 - INFO - Calculating main bolus: 3.333333
2023-08-28 00:30:11,476 - INFO - Calculating correction bolus: -0.227273
2023-08-28 00:30:11,476 - INFO - Calculating adjustment bolus: 0.621212
2023-08-28 00:30:11,493 - INFO - Active insulin calculated: 0.000000
2023-08-28 00:30:11,493 - INFO - Total bolus calculated: -1.772727
2023-08-28 00:40:29,470 - INFO - User entered food: end
2023-08-28 00:40:34,422 - INFO - Calculating main bolus: 0.000000
2023-08-28 00:40:34,422 - INFO - Calculating correction bolus: -0.681818
2023-08-28 00:40:34,422 - INFO - Calculating adjustment bolus: -0.136364
2023-08-28 00:40:59,705 - INFO - User entered food: end
2023-08-28 00:41:04,212 - INFO - Calculating main bolus: 0.000000
2023-08-28 00:41:04,212 - INFO - Calculating correction bolus: -0.681818
2023-08-28 00:41:04,212 - INFO - Calculating adjustment bolus: -0.136364
2023-08-28 00:41:04,230 - INFO - Active insulin calculated: 0.000000
2023-08-28 00:41:04,230 - INFO - Total bolus calculated: -0.818182
2023-08-28 00:41:25,747 - INFO - User entered food: Sugar
2023-08-28 00:41:50,913 - INFO - User entered food: end
2023-08-28 00:41:57,433 - INFO - Calculating main bolus: 3.166667
2023-08-28 00:41:57,433 - INFO - Calculating correction bolus: -2.045455
2023-08-28 00:41:57,433 - INFO - Calculating adjustment bolus: 0.224242
2023-08-28 00:41:57,451 - INFO - Active insulin calculated: 0.000000
2023-08-28 00:41:57,451 - INFO - Total bolus calculated: 1.345455
2023-08-28 00:42:14,424 - INFO - User confirmed bolus: 0.0
